<?xml version="1.0" encoding="UTF-8" ?>
<testsuites errors="0"
            failures="0"
            tests="3">

  <testsuite name="stylus.test"
    errors="0" failures="0" hostname="" id="" package="stylus.test" skipped="0"
    tests="3" time="3.580" timestamp="Tue, 19 Jan 2016 09:09:42 GMT">
  
    <testcase name="Stylus Tests: General" time="3.042" assertions="2">

    

    
    </testcase>
  
    <testcase name="Stylus Tests: Jg-Row Tests" time="0.4000" assertions="7">

    

    

    

    

    

    

    
    </testcase>
  
    <testcase name="Stylus Tests: Jg-row-1-12 jg-col-1-12 Large" time="0.1380" assertions="0">
    </testcase>
  
  
  </testsuite>
</testsuites>
